<?xml version="1.0" encoding="UTF-8"?>
<testsuite name="provit.backend.SmtpTest" tests="1" skipped="0" failures="0" errors="0" timestamp="2023-12-07T23:52:05" hostname="VIVOBOOKWZ" time="5.983">
  <properties/>
  <testcase name="test1()" classname="provit.backend.SmtpTest" time="5.983"/>
  <system-out><![CDATA[08:52:01.076 [Test worker] INFO org.springframework.test.context.support.AnnotationConfigContextLoaderUtils -- Could not detect default configuration classes for test class [provit.backend.SmtpTest]: SmtpTest does not declare any static, non-private, non-final, nested classes annotated with @Configuration.
08:52:01.211 [Test worker] INFO org.springframework.boot.test.context.SpringBootTestContextBootstrapper -- Found @SpringBootConfiguration provit.backend.BackendApplication for test class provit.backend.SmtpTest

  .   ____          _            __ _ _
 /\\ / ___'_ __ _ _(_)_ __  __ _ \ \ \ \
( ( )\___ | '_ | '_| | '_ \/ _` | \ \ \ \
 \\/  ___)| |_)| | | | | || (_| |  ) ) ) )
  '  |____| .__|_| |_|_| |_\__, | / / / /
 =========|_|==============|___/=/_/_/_/
 :: Spring Boot ::                (v3.2.0)

2023-12-08T08:52:01.768+09:00  INFO 3004 --- [    Test worker] provit.backend.SmtpTest                  : Starting SmtpTest using Java 19.0.1 with PID 3004 (started by tales in C:\Users\tales\Desktop\backend\backend)
2023-12-08T08:52:01.770+09:00  INFO 3004 --- [    Test worker] provit.backend.SmtpTest                  : No active profile set, falling back to 1 default profile: "default"
2023-12-08T08:52:02.486+09:00  INFO 3004 --- [    Test worker] .s.d.r.c.RepositoryConfigurationDelegate : Bootstrapping Spring Data JPA repositories in DEFAULT mode.
2023-12-08T08:52:02.549+09:00  INFO 3004 --- [    Test worker] .s.d.r.c.RepositoryConfigurationDelegate : Finished Spring Data repository scanning in 55 ms. Found 1 JPA repository interface.
2023-12-08T08:52:03.061+09:00  INFO 3004 --- [    Test worker] o.hibernate.jpa.internal.util.LogHelper  : HHH000204: Processing PersistenceUnitInfo [name: default]
2023-12-08T08:52:03.139+09:00  INFO 3004 --- [    Test worker] org.hibernate.Version                    : HHH000412: Hibernate ORM core version 6.3.1.Final
2023-12-08T08:52:03.181+09:00  INFO 3004 --- [    Test worker] o.h.c.internal.RegionFactoryInitiator    : HHH000026: Second-level cache disabled
2023-12-08T08:52:03.462+09:00  INFO 3004 --- [    Test worker] o.s.o.j.p.SpringPersistenceUnitInfo      : No LoadTimeWeaver setup: ignoring JPA class transformer
2023-12-08T08:52:03.496+09:00  INFO 3004 --- [    Test worker] com.zaxxer.hikari.HikariDataSource       : HikariPool-1 - Starting...
2023-12-08T08:52:03.817+09:00  INFO 3004 --- [    Test worker] com.zaxxer.hikari.pool.HikariPool        : HikariPool-1 - Added connection com.mysql.cj.jdbc.ConnectionImpl@195498aa
2023-12-08T08:52:03.819+09:00  INFO 3004 --- [    Test worker] com.zaxxer.hikari.HikariDataSource       : HikariPool-1 - Start completed.
2023-12-08T08:52:04.683+09:00  INFO 3004 --- [    Test worker] o.h.e.t.j.p.i.JtaPlatformInitiator       : HHH000489: No JTA platform available (set 'hibernate.transaction.jta.platform' to enable JTA platform integration)
2023-12-08T08:52:04.738+09:00  INFO 3004 --- [    Test worker] j.LocalContainerEntityManagerFactoryBean : Initialized JPA EntityManagerFactory for persistence unit 'default'
2023-12-08T08:52:05.355+09:00  WARN 3004 --- [    Test worker] JpaBaseConfiguration$JpaWebConfiguration : spring.jpa.open-in-view is enabled by default. Therefore, database queries may be performed during view rendering. Explicitly configure spring.jpa.open-in-view to disable this warning
2023-12-08T08:52:05.854+09:00  INFO 3004 --- [    Test worker] provit.backend.SmtpTest                  : Started SmtpTest in 4.438 seconds (process running for 7.12)
]]></system-out>
  <system-err><![CDATA[]]></system-err>
</testsuite>
