<?xml version="1.0" encoding="UTF-8"?>
<testsuite name="provit.backend.SmtpTest" tests="1" skipped="0" failures="0" errors="0" timestamp="2023-12-26T05:38:35" hostname="VIVOBOOKWZ" time="4.647">
  <properties/>
  <testcase name="test1()" classname="provit.backend.SmtpTest" time="4.647"/>
  <system-out><![CDATA[
  .   ____          _            __ _ _
 /\\ / ___'_ __ _ _(_)_ __  __ _ \ \ \ \
( ( )\___ | '_ | '_| | '_ \/ _` | \ \ \ \
 \\/  ___)| |_)| | | | | || (_| |  ) ) ) )
  '  |____| .__|_| |_|_| |_\__, | / / / /
 =========|_|==============|___/=/_/_/_/
 :: Spring Boot ::                (v3.2.0)

2023-12-26T14:38:30.088+09:00  INFO 17944 --- [    Test worker] provit.backend.SmtpTest                  : Starting SmtpTest using Java 19.0.1 with PID 17944 (started by tales in C:\Users\tales\Desktop\backend\backend)
2023-12-26T14:38:30.092+09:00  INFO 17944 --- [    Test worker] provit.backend.SmtpTest                  : No active profile set, falling back to 1 default profile: "default"
2023-12-26T14:38:31.107+09:00  INFO 17944 --- [    Test worker] .s.d.r.c.RepositoryConfigurationDelegate : Bootstrapping Spring Data JPA repositories in DEFAULT mode.
2023-12-26T14:38:31.193+09:00  INFO 17944 --- [    Test worker] .s.d.r.c.RepositoryConfigurationDelegate : Finished Spring Data repository scanning in 72 ms. Found 1 JPA repository interface.
2023-12-26T14:38:31.927+09:00  INFO 17944 --- [    Test worker] o.hibernate.jpa.internal.util.LogHelper  : HHH000204: Processing PersistenceUnitInfo [name: default]
2023-12-26T14:38:32.029+09:00  INFO 17944 --- [    Test worker] org.hibernate.Version                    : HHH000412: Hibernate ORM core version 6.3.1.Final
2023-12-26T14:38:32.092+09:00  INFO 17944 --- [    Test worker] o.h.c.internal.RegionFactoryInitiator    : HHH000026: Second-level cache disabled
2023-12-26T14:38:32.422+09:00  INFO 17944 --- [    Test worker] o.s.o.j.p.SpringPersistenceUnitInfo      : No LoadTimeWeaver setup: ignoring JPA class transformer
2023-12-26T14:38:32.457+09:00  INFO 17944 --- [    Test worker] com.zaxxer.hikari.HikariDataSource       : HikariPool-1 - Starting...
2023-12-26T14:38:32.798+09:00  INFO 17944 --- [    Test worker] com.zaxxer.hikari.pool.HikariPool        : HikariPool-1 - Added connection com.mysql.cj.jdbc.ConnectionImpl@10d4b573
2023-12-26T14:38:32.801+09:00  INFO 17944 --- [    Test worker] com.zaxxer.hikari.HikariDataSource       : HikariPool-1 - Start completed.
2023-12-26T14:38:33.959+09:00  INFO 17944 --- [    Test worker] o.h.e.t.j.p.i.JtaPlatformInitiator       : HHH000489: No JTA platform available (set 'hibernate.transaction.jta.platform' to enable JTA platform integration)
2023-12-26T14:38:34.040+09:00  INFO 17944 --- [    Test worker] j.LocalContainerEntityManagerFactoryBean : Initialized JPA EntityManagerFactory for persistence unit 'default'
2023-12-26T14:38:34.581+09:00  WARN 17944 --- [    Test worker] JpaBaseConfiguration$JpaWebConfiguration : spring.jpa.open-in-view is enabled by default. Therefore, database queries may be performed during view rendering. Explicitly configure spring.jpa.open-in-view to disable this warning
2023-12-26T14:38:34.976+09:00  INFO 17944 --- [    Test worker] o.s.s.web.DefaultSecurityFilterChain     : Will secure any request with [org.springframework.security.web.session.DisableEncodeUrlFilter@3a641f6, org.springframework.security.web.context.request.async.WebAsyncManagerIntegrationFilter@66487713, org.springframework.security.web.context.SecurityContextHolderFilter@5e528476, org.springframework.security.web.header.HeaderWriterFilter@85104d6, org.springframework.web.filter.CorsFilter@18ed8b75, org.springframework.security.web.authentication.logout.LogoutFilter@5f815f93, provit.backend.config.jwt.JwtFilter@22ea09b7, org.springframework.security.web.savedrequest.RequestCacheAwareFilter@281d3ce7, org.springframework.security.web.servletapi.SecurityContextHolderAwareRequestFilter@fdfd984, org.springframework.security.web.authentication.AnonymousAuthenticationFilter@13f255ed, org.springframework.security.web.session.SessionManagementFilter@5e6ad84c, org.springframework.security.web.access.ExceptionTranslationFilter@f4aec23, org.springframework.security.web.access.intercept.AuthorizationFilter@66831b14]
2023-12-26T14:38:35.403+09:00  INFO 17944 --- [    Test worker] provit.backend.SmtpTest                  : Started SmtpTest in 5.743 seconds (process running for 7.447)
]]></system-out>
  <system-err><![CDATA[]]></system-err>
</testsuite>
